This file contains any messages produced by compilers while
running configure, to aid debugging if configure makes a mistake.

It was created by libtpms configure 0.6.0, which was
generated by GNU Autoconf 2.69.  Invocation command line was

  $ ./configure --prefix=/usr --with-openssl

## --------- ##
## Platform. ##
## --------- ##

hostname = localhost
uname -m = x86_64
uname -r = 4.2.0-27-generic
uname -s = Linux
uname -v = #32~14.04.1-Ubuntu SMP Fri Jan 22 15:32:26 UTC 2016

/usr/bin/uname -p = unknown
/bin/uname -X     = unknown

/bin/arch              = unknown
/usr/bin/arch -k       = unknown
/usr/convex/getsysinfo = unknown
/usr/bin/hostinfo      = unknown
/bin/machine           = unknown
/usr/bin/oslevel       = unknown
/bin/universe          = unknown

PATH: /usr/local/sbin
PATH: /usr/local/bin
PATH: /usr/sbin
PATH: /usr/bin
PATH: /sbin
PATH: /bin
PATH: /usr/games
PATH: /usr/local/games


## ----------- ##
## Core tests. ##
## ----------- ##

configure:2311: checking build system type
configure:2325: result: x86_64-unknown-linux-gnu
configure:2345: checking host system type
configure:2358: result: x86_64-unknown-linux-gnu
configure:2378: checking target system type
configure:2391: result: x86_64-unknown-linux-gnu
configure:2433: checking for a BSD-compatible install
configure:2501: result: /usr/bin/install -c
configure:2512: checking whether build environment is sane
configure:2567: result: yes
configure:2718: checking for a thread-safe mkdir -p
configure:2757: result: /bin/mkdir -p
configure:2764: checking for gawk
configure:2780: found /usr/bin/gawk
configure:2791: result: gawk
configure:2802: checking whether make sets $(MAKE)
configure:2824: result: yes
configure:2853: checking whether make supports nested variables
configure:2870: result: yes
configure:3009: checking for debug-enabled build
configure:3024: result: no
configure:3065: checking for style of include used by make
configure:3093: result: GNU
configure:3164: checking for gcc
configure:3180: found /usr/bin/gcc
configure:3191: result: gcc
configure:3420: checking for C compiler version
configure:3429: gcc --version >&5
gcc (Ubuntu 4.8.4-2ubuntu1~14.04.3) 4.8.4
Copyright (C) 2013 Free Software Foundation, Inc.
This is free software; see the source for copying conditions.  There is NO
warranty; not even for MERCHANTABILITY or FITNESS FOR A PARTICULAR PURPOSE.

configure:3440: $? = 0
configure:3429: gcc -v >&5
Using built-in specs.
COLLECT_GCC=gcc
COLLECT_LTO_WRAPPER=/usr/lib/gcc/x86_64-linux-gnu/4.8/lto-wrapper
Target: x86_64-linux-gnu
Configured with: ../src/configure -v --with-pkgversion='Ubuntu 4.8.4-2ubuntu1~14.04.3' --with-bugurl=file:///usr/share/doc/gcc-4.8/README.Bugs --enable-languages=c,c++,java,go,d,fortran,objc,obj-c++ --prefix=/usr --program-suffix=-4.8 --enable-shared --enable-linker-build-id --libexecdir=/usr/lib --without-included-gettext --enable-threads=posix --with-gxx-include-dir=/usr/include/c++/4.8 --libdir=/usr/lib --enable-nls --with-sysroot=/ --enable-clocale=gnu --enable-libstdcxx-debug --enable-libstdcxx-time=yes --enable-gnu-unique-object --disable-libmudflap --enable-plugin --with-system-zlib --disable-browser-plugin --enable-java-awt=gtk --enable-gtk-cairo --with-java-home=/usr/lib/jvm/java-1.5.0-gcj-4.8-amd64/jre --enable-java-home --with-jvm-root-dir=/usr/lib/jvm/java-1.5.0-gcj-4.8-amd64 --with-jvm-jar-dir=/usr/lib/jvm-exports/java-1.5.0-gcj-4.8-amd64 --with-arch-directory=amd64 --with-ecj-jar=/usr/share/java/eclipse-ecj.jar --enable-objc-gc --enable-multiarch --disable-werror --with-arch-32=i686 --with-abi=m64 --with-multilib-list=m32,m64,mx32 --with-tune=generic --enable-checking=release --build=x86_64-linux-gnu --host=x86_64-linux-gnu --target=x86_64-linux-gnu
Thread model: posix
gcc version 4.8.4 (Ubuntu 4.8.4-2ubuntu1~14.04.3) 
configure:3440: $? = 0
configure:3429: gcc -V >&5
gcc: error: unrecognized command line option '-V'
gcc: fatal error: no input files
compilation terminated.
configure:3440: $? = 4
configure:3429: gcc -qversion >&5
gcc: error: unrecognized command line option '-qversion'
gcc: fatal error: no input files
compilation terminated.
configure:3440: $? = 4
configure:3460: checking whether the C compiler works
configure:3482: gcc -g -O2   conftest.c  >&5
configure:3486: $? = 0
configure:3534: result: yes
configure:3537: checking for C compiler default output file name
configure:3539: result: a.out
configure:3545: checking for suffix of executables
configure:3552: gcc -o conftest -g -O2   conftest.c  >&5
configure:3556: $? = 0
configure:3578: result: 
configure:3600: checking whether we are cross compiling
configure:3608: gcc -o conftest -g -O2   conftest.c  >&5
configure:3612: $? = 0
configure:3619: ./conftest
configure:3623: $? = 0
configure:3638: result: no
configure:3643: checking for suffix of object files
configure:3665: gcc -c -g -O2  conftest.c >&5
configure:3669: $? = 0
configure:3690: result: o
configure:3694: checking whether we are using the GNU C compiler
configure:3713: gcc -c -g -O2  conftest.c >&5
configure:3713: $? = 0
configure:3722: result: yes
configure:3731: checking whether gcc accepts -g
configure:3751: gcc -c -g  conftest.c >&5
configure:3751: $? = 0
configure:3792: result: yes
configure:3809: checking for gcc option to accept ISO C89
configure:3872: gcc  -c -g -O2  conftest.c >&5
configure:3872: $? = 0
configure:3885: result: none needed
configure:3910: checking whether gcc understands -c and -o together
configure:3932: gcc -c conftest.c -o conftest2.o
configure:3935: $? = 0
configure:3932: gcc -c conftest.c -o conftest2.o
configure:3935: $? = 0
configure:3947: result: yes
configure:3966: checking dependency style of gcc
configure:4077: result: gcc3
configure:4098: checking how to run the C preprocessor
configure:4129: gcc -E  conftest.c
configure:4129: $? = 0
configure:4143: gcc -E  conftest.c
conftest.c:11:28: fatal error: ac_nonexistent.h: No such file or directory
 #include <ac_nonexistent.h>
                            ^
compilation terminated.
configure:4143: $? = 1
configure: failed program was:
| /* confdefs.h */
| #define PACKAGE_NAME "libtpms"
| #define PACKAGE_TARNAME "libtpms"
| #define PACKAGE_VERSION "0.6.0"
| #define PACKAGE_STRING "libtpms 0.6.0"
| #define PACKAGE_BUGREPORT ""
| #define PACKAGE_URL ""
| #define PACKAGE "libtpms"
| #define VERSION "0.6.0"
| /* end confdefs.h.  */
| #include <ac_nonexistent.h>
configure:4168: result: gcc -E
configure:4188: gcc -E  conftest.c
configure:4188: $? = 0
configure:4202: gcc -E  conftest.c
conftest.c:11:28: fatal error: ac_nonexistent.h: No such file or directory
 #include <ac_nonexistent.h>
                            ^
compilation terminated.
configure:4202: $? = 1
configure: failed program was:
| /* confdefs.h */
| #define PACKAGE_NAME "libtpms"
| #define PACKAGE_TARNAME "libtpms"
| #define PACKAGE_VERSION "0.6.0"
| #define PACKAGE_STRING "libtpms 0.6.0"
| #define PACKAGE_BUGREPORT ""
| #define PACKAGE_URL ""
| #define PACKAGE "libtpms"
| #define VERSION "0.6.0"
| /* end confdefs.h.  */
| #include <ac_nonexistent.h>
configure:4231: checking for grep that handles long lines and -e
configure:4289: result: /bin/grep
configure:4294: checking for egrep
configure:4356: result: /bin/grep -E
configure:4361: checking for ANSI C header files
configure:4381: gcc -c -g -O2  conftest.c >&5
configure:4381: $? = 0
configure:4454: gcc -o conftest -g -O2   conftest.c  >&5
configure:4454: $? = 0
configure:4454: ./conftest
configure:4454: $? = 0
configure:4465: result: yes
configure:4478: checking for sys/types.h
configure:4478: gcc -c -g -O2  conftest.c >&5
configure:4478: $? = 0
configure:4478: result: yes
configure:4478: checking for sys/stat.h
configure:4478: gcc -c -g -O2  conftest.c >&5
configure:4478: $? = 0
configure:4478: result: yes
configure:4478: checking for stdlib.h
configure:4478: gcc -c -g -O2  conftest.c >&5
configure:4478: $? = 0
configure:4478: result: yes
configure:4478: checking for string.h
configure:4478: gcc -c -g -O2  conftest.c >&5
configure:4478: $? = 0
configure:4478: result: yes
configure:4478: checking for memory.h
configure:4478: gcc -c -g -O2  conftest.c >&5
configure:4478: $? = 0
configure:4478: result: yes
configure:4478: checking for strings.h
configure:4478: gcc -c -g -O2  conftest.c >&5
configure:4478: $? = 0
configure:4478: result: yes
configure:4478: checking for inttypes.h
configure:4478: gcc -c -g -O2  conftest.c >&5
configure:4478: $? = 0
configure:4478: result: yes
configure:4478: checking for stdint.h
configure:4478: gcc -c -g -O2  conftest.c >&5
configure:4478: $? = 0
configure:4478: result: yes
configure:4478: checking for unistd.h
configure:4478: gcc -c -g -O2  conftest.c >&5
configure:4478: $? = 0
configure:4478: result: yes
configure:4493: checking for AES_set_encrypt_key in -lcrypto
configure:4518: gcc -o conftest -g -O2   conftest.c -lcrypto   >&5
configure:4518: $? = 0
configure:4527: result: yes
configure:4542: checking openssl/aes.h usability
configure:4542: gcc -c -g -O2  conftest.c >&5
configure:4542: $? = 0
configure:4542: result: yes
configure:4542: checking openssl/aes.h presence
configure:4542: gcc -E  conftest.c
configure:4542: $? = 0
configure:4542: result: yes
configure:4542: checking for openssl/aes.h
configure:4542: result: yes
configure:4554: result: Building with openssl crypto library
configure:4789: checking how to print strings
configure:4816: result: printf
configure:4837: checking for a sed that does not truncate output
configure:4901: result: /bin/sed
configure:4919: checking for fgrep
configure:4981: result: /bin/grep -F
configure:5016: checking for ld used by gcc
configure:5083: result: /usr/bin/ld
configure:5090: checking if the linker (/usr/bin/ld) is GNU ld
configure:5105: result: yes
configure:5117: checking for BSD- or MS-compatible name lister (nm)
configure:5166: result: /usr/bin/nm -B
configure:5296: checking the name lister (/usr/bin/nm -B) interface
configure:5303: gcc -c -g -O2  conftest.c >&5
configure:5306: /usr/bin/nm -B "conftest.o"
configure:5309: output
0000000000000000 B some_variable
configure:5316: result: BSD nm
configure:5319: checking whether ln -s works
configure:5323: result: yes
configure:5331: checking the maximum length of command line arguments
configure:5462: result: 1572864
configure:5479: checking whether the shell understands some XSI constructs
configure:5489: result: yes
configure:5493: checking whether the shell understands "+="
configure:5499: result: yes
configure:5534: checking how to convert x86_64-unknown-linux-gnu file names to x86_64-unknown-linux-gnu format
configure:5574: result: func_convert_file_noop
configure:5581: checking how to convert x86_64-unknown-linux-gnu file names to toolchain format
configure:5601: result: func_convert_file_noop
configure:5608: checking for /usr/bin/ld option to reload object files
configure:5615: result: -r
configure:5689: checking for objdump
configure:5705: found /usr/bin/objdump
configure:5716: result: objdump
configure:5748: checking how to recognize dependent libraries
configure:5946: result: pass_all
configure:6031: checking for dlltool
configure:6061: result: no
configure:6091: checking how to associate runtime and link libraries
configure:6118: result: printf %s\n
configure:6178: checking for ar
configure:6194: found /usr/bin/ar
configure:6205: result: ar
configure:6242: checking for archiver @FILE support
configure:6259: gcc -c -g -O2  conftest.c >&5
configure:6259: $? = 0
configure:6262: ar cru libconftest.a @conftest.lst >&5
configure:6265: $? = 0
configure:6270: ar cru libconftest.a @conftest.lst >&5
ar: conftest.o: No such file or directory
configure:6273: $? = 1
configure:6285: result: @
configure:6343: checking for strip
configure:6359: found /usr/bin/strip
configure:6370: result: strip
configure:6442: checking for ranlib
configure:6458: found /usr/bin/ranlib
configure:6469: result: ranlib
configure:6571: checking command to parse /usr/bin/nm -B output from gcc object
configure:6691: gcc -c -g -O2  conftest.c >&5
configure:6694: $? = 0
configure:6698: /usr/bin/nm -B conftest.o \| sed -n -e 's/^.*[ ]\([ABCDGIRSTW][ABCDGIRSTW]*\)[ ][ ]*\([_A-Za-z][_A-Za-z0-9]*\)$/\1 \2 \2/p' | sed '/ __gnu_lto/d' \> conftest.nm
configure:6701: $? = 0
configure:6767: gcc -o conftest -g -O2   conftest.c conftstm.o >&5
configure:6770: $? = 0
configure:6808: result: ok
configure:6845: checking for sysroot
configure:6875: result: no
configure:6952: gcc -c -g -O2  conftest.c >&5
configure:6955: $? = 0
configure:7144: checking for mt
configure:7160: found /bin/mt
configure:7171: result: mt
configure:7194: checking if mt is a manifest tool
configure:7200: mt '-?'
configure:7208: result: no
configure:7847: checking for dlfcn.h
configure:7847: gcc -c -g -O2  conftest.c >&5
configure:7847: $? = 0
configure:7847: result: yes
configure:8053: checking for objdir
configure:8068: result: .libs
configure:8339: checking if gcc supports -fno-rtti -fno-exceptions
configure:8357: gcc -c -g -O2  -fno-rtti -fno-exceptions conftest.c >&5
cc1: warning: command line option '-fno-rtti' is valid for C++/ObjC++ but not for C [enabled by default]
configure:8361: $? = 0
configure:8374: result: no
configure:8701: checking for gcc option to produce PIC
configure:8708: result: -fPIC -DPIC
configure:8716: checking if gcc PIC flag -fPIC -DPIC works
configure:8734: gcc -c -g -O2  -fPIC -DPIC -DPIC conftest.c >&5
configure:8738: $? = 0
configure:8751: result: yes
configure:8780: checking if gcc static flag -static works
configure:8808: result: yes
configure:8823: checking if gcc supports -c -o file.o
configure:8844: gcc -c -g -O2  -o out/conftest2.o conftest.c >&5
configure:8848: $? = 0
configure:8870: result: yes
configure:8878: checking if gcc supports -c -o file.o
configure:8925: result: yes
configure:8958: checking whether the gcc linker (/usr/bin/ld -m elf_x86_64) supports shared libraries
configure:10115: result: yes
configure:10152: checking whether -lc should be explicitly linked in
configure:10160: gcc -c -g -O2  conftest.c >&5
configure:10163: $? = 0
configure:10178: gcc -shared  -fPIC -DPIC conftest.o  -v -Wl,-soname -Wl,conftest -o conftest 2\>\&1 \| /bin/grep  -lc  \>/dev/null 2\>\&1
configure:10181: $? = 0
configure:10195: result: no
configure:10355: checking dynamic linker characteristics
configure:10855: gcc -o conftest -g -O2   -Wl,-rpath -Wl,/foo conftest.c -lcrypto  >&5
configure:10855: $? = 0
configure:11089: result: GNU/Linux ld.so
configure:11196: checking how to hardcode library paths into programs
configure:11221: result: immediate
configure:11761: checking whether stripping libraries is possible
configure:11766: result: yes
configure:11801: checking if libtool supports shared libraries
configure:11803: result: yes
configure:11806: checking whether to build shared libraries
configure:11827: result: yes
configure:11830: checking whether to build static libraries
configure:11834: result: yes
configure:11919: checking for gcc
configure:11946: result: gcc
configure:12175: checking for C compiler version
configure:12184: gcc --version >&5
gcc (Ubuntu 4.8.4-2ubuntu1~14.04.3) 4.8.4
Copyright (C) 2013 Free Software Foundation, Inc.
This is free software; see the source for copying conditions.  There is NO
warranty; not even for MERCHANTABILITY or FITNESS FOR A PARTICULAR PURPOSE.

configure:12195: $? = 0
configure:12184: gcc -v >&5
Using built-in specs.
COLLECT_GCC=gcc
COLLECT_LTO_WRAPPER=/usr/lib/gcc/x86_64-linux-gnu/4.8/lto-wrapper
Target: x86_64-linux-gnu
Configured with: ../src/configure -v --with-pkgversion='Ubuntu 4.8.4-2ubuntu1~14.04.3' --with-bugurl=file:///usr/share/doc/gcc-4.8/README.Bugs --enable-languages=c,c++,java,go,d,fortran,objc,obj-c++ --prefix=/usr --program-suffix=-4.8 --enable-shared --enable-linker-build-id --libexecdir=/usr/lib --without-included-gettext --enable-threads=posix --with-gxx-include-dir=/usr/include/c++/4.8 --libdir=/usr/lib --enable-nls --with-sysroot=/ --enable-clocale=gnu --enable-libstdcxx-debug --enable-libstdcxx-time=yes --enable-gnu-unique-object --disable-libmudflap --enable-plugin --with-system-zlib --disable-browser-plugin --enable-java-awt=gtk --enable-gtk-cairo --with-java-home=/usr/lib/jvm/java-1.5.0-gcj-4.8-amd64/jre --enable-java-home --with-jvm-root-dir=/usr/lib/jvm/java-1.5.0-gcj-4.8-amd64 --with-jvm-jar-dir=/usr/lib/jvm-exports/java-1.5.0-gcj-4.8-amd64 --with-arch-directory=amd64 --with-ecj-jar=/usr/share/java/eclipse-ecj.jar --enable-objc-gc --enable-multiarch --disable-werror --with-arch-32=i686 --with-abi=m64 --with-multilib-list=m32,m64,mx32 --with-tune=generic --enable-checking=release --build=x86_64-linux-gnu --host=x86_64-linux-gnu --target=x86_64-linux-gnu
Thread model: posix
gcc version 4.8.4 (Ubuntu 4.8.4-2ubuntu1~14.04.3) 
configure:12195: $? = 0
configure:12184: gcc -V >&5
gcc: error: unrecognized command line option '-V'
gcc: fatal error: no input files
compilation terminated.
configure:12195: $? = 4
configure:12184: gcc -qversion >&5
gcc: error: unrecognized command line option '-qversion'
gcc: fatal error: no input files
compilation terminated.
configure:12195: $? = 4
configure:12199: checking whether we are using the GNU C compiler
configure:12227: result: yes
configure:12236: checking whether gcc accepts -g
configure:12297: result: yes
configure:12314: checking for gcc option to accept ISO C89
configure:12390: result: none needed
configure:12415: checking whether gcc understands -c and -o together
configure:12452: result: yes
configure:12471: checking dependency style of gcc
configure:12582: result: gcc3
configure:12603: checking for ANSI C header files
configure:12707: result: yes
configure:12715: checking for an ANSI C-conforming const
configure:12781: gcc -c -g -O2  conftest.c >&5
configure:12781: $? = 0
configure:12788: result: yes
configure:12796: checking for inline
configure:12812: gcc -c -g -O2  conftest.c >&5
configure:12812: $? = 0
configure:12820: result: inline
configure:12839: checking for size_t
configure:12839: gcc -c -g -O2  conftest.c >&5
configure:12839: $? = 0
configure:12839: gcc -c -g -O2  conftest.c >&5
conftest.c: In function 'main':
conftest.c:63:21: error: expected expression before ')' token
 if (sizeof ((size_t)))
                     ^
configure:12839: $? = 1
configure: failed program was:
| /* confdefs.h */
| #define PACKAGE_NAME "libtpms"
| #define PACKAGE_TARNAME "libtpms"
| #define PACKAGE_VERSION "0.6.0"
| #define PACKAGE_STRING "libtpms 0.6.0"
| #define PACKAGE_BUGREPORT ""
| #define PACKAGE_URL ""
| #define PACKAGE "libtpms"
| #define VERSION "0.6.0"
| #define STDC_HEADERS 1
| #define HAVE_SYS_TYPES_H 1
| #define HAVE_SYS_STAT_H 1
| #define HAVE_STDLIB_H 1
| #define HAVE_STRING_H 1
| #define HAVE_MEMORY_H 1
| #define HAVE_STRINGS_H 1
| #define HAVE_INTTYPES_H 1
| #define HAVE_STDINT_H 1
| #define HAVE_UNISTD_H 1
| #define HAVE_LIBCRYPTO 1
| #define HAVE_OPENSSL_AES_H 1
| #define USE_OPENSSL_CRYPTO_LIBRARY 1
| #define HAVE_DLFCN_H 1
| #define LT_OBJDIR ".libs/"
| #define STDC_HEADERS 1
| /* end confdefs.h.  */
| #include <stdio.h>
| #ifdef HAVE_SYS_TYPES_H
| # include <sys/types.h>
| #endif
| #ifdef HAVE_SYS_STAT_H
| # include <sys/stat.h>
| #endif
| #ifdef STDC_HEADERS
| # include <stdlib.h>
| # include <stddef.h>
| #else
| # ifdef HAVE_STDLIB_H
| #  include <stdlib.h>
| # endif
| #endif
| #ifdef HAVE_STRING_H
| # if !defined STDC_HEADERS && defined HAVE_MEMORY_H
| #  include <memory.h>
| # endif
| # include <string.h>
| #endif
| #ifdef HAVE_STRINGS_H
| # include <strings.h>
| #endif
| #ifdef HAVE_INTTYPES_H
| # include <inttypes.h>
| #endif
| #ifdef HAVE_STDINT_H
| # include <stdint.h>
| #endif
| #ifdef HAVE_UNISTD_H
| # include <unistd.h>
| #endif
| int
| main ()
| {
| if (sizeof ((size_t)))
| 	    return 0;
|   ;
|   return 0;
| }
configure:12839: result: yes
configure:12984: checking that generated files are newer than configure
configure:12990: result: done
configure:13033: creating ./config.status

## ---------------------- ##
## Running config.status. ##
## ---------------------- ##

This file was extended by libtpms config.status 0.6.0, which was
generated by GNU Autoconf 2.69.  Invocation command line was

  CONFIG_FILES    = 
  CONFIG_HEADERS  = 
  CONFIG_LINKS    = 
  CONFIG_COMMANDS = 
  $ ./config.status 

on localhost

config.status:1108: creating Makefile
config.status:1108: creating dist/libtpms.spec
config.status:1108: creating include/Makefile
config.status:1108: creating include/libtpms/Makefile
config.status:1108: creating include/libtpms/tpm_library.h
config.status:1108: creating man/Makefile
config.status:1108: creating man/man3/Makefile
config.status:1108: creating src/Makefile
config.status:1108: creating libtpms.pc
config.status:1108: creating tests/Makefile
config.status:1108: creating config.h
config.status:1289: config.h is unchanged
config.status:1337: executing depfiles commands
config.status:1337: executing libtool commands

## ---------------- ##
## Cache variables. ##
## ---------------- ##

ac_cv_build=x86_64-unknown-linux-gnu
ac_cv_c_compiler_gnu=yes
ac_cv_c_const=yes
ac_cv_c_inline=inline
ac_cv_env_CC_set=
ac_cv_env_CC_value=
ac_cv_env_CFLAGS_set=
ac_cv_env_CFLAGS_value=
ac_cv_env_CPPFLAGS_set=
ac_cv_env_CPPFLAGS_value=
ac_cv_env_CPP_set=
ac_cv_env_CPP_value=
ac_cv_env_LDFLAGS_set=
ac_cv_env_LDFLAGS_value=
ac_cv_env_LIBS_set=
ac_cv_env_LIBS_value=
ac_cv_env_build_alias_set=
ac_cv_env_build_alias_value=
ac_cv_env_host_alias_set=
ac_cv_env_host_alias_value=
ac_cv_env_target_alias_set=
ac_cv_env_target_alias_value=
ac_cv_header_dlfcn_h=yes
ac_cv_header_inttypes_h=yes
ac_cv_header_memory_h=yes
ac_cv_header_openssl_aes_h=yes
ac_cv_header_stdc=yes
ac_cv_header_stdint_h=yes
ac_cv_header_stdlib_h=yes
ac_cv_header_string_h=yes
ac_cv_header_strings_h=yes
ac_cv_header_sys_stat_h=yes
ac_cv_header_sys_types_h=yes
ac_cv_header_unistd_h=yes
ac_cv_host=x86_64-unknown-linux-gnu
ac_cv_lib_crypto_AES_set_encrypt_key=yes
ac_cv_objext=o
ac_cv_path_EGREP='/bin/grep -E'
ac_cv_path_FGREP='/bin/grep -F'
ac_cv_path_GREP=/bin/grep
ac_cv_path_SED=/bin/sed
ac_cv_path_install='/usr/bin/install -c'
ac_cv_path_mkdir=/bin/mkdir
ac_cv_prog_AWK=gawk
ac_cv_prog_CPP='gcc -E'
ac_cv_prog_ac_ct_AR=ar
ac_cv_prog_ac_ct_CC=gcc
ac_cv_prog_ac_ct_MANIFEST_TOOL=mt
ac_cv_prog_ac_ct_OBJDUMP=objdump
ac_cv_prog_ac_ct_RANLIB=ranlib
ac_cv_prog_ac_ct_STRIP=strip
ac_cv_prog_cc_c89=
ac_cv_prog_cc_g=yes
ac_cv_prog_make_make_set=yes
ac_cv_target=x86_64-unknown-linux-gnu
ac_cv_type_size_t=yes
am_cv_CC_dependencies_compiler_type=gcc3
am_cv_make_support_nested_variables=yes
am_cv_prog_cc_c_o=yes
lt_cv_ar_at_file=@
lt_cv_archive_cmds_need_lc=no
lt_cv_deplibs_check_method=pass_all
lt_cv_file_magic_cmd='$MAGIC_CMD'
lt_cv_file_magic_test_file=
lt_cv_ld_reload_flag=-r
lt_cv_nm_interface='BSD nm'
lt_cv_objdir=.libs
lt_cv_path_LD=/usr/bin/ld
lt_cv_path_NM='/usr/bin/nm -B'
lt_cv_path_mainfest_tool=no
lt_cv_prog_compiler_c_o=yes
lt_cv_prog_compiler_pic='-fPIC -DPIC'
lt_cv_prog_compiler_pic_works=yes
lt_cv_prog_compiler_rtti_exceptions=no
lt_cv_prog_compiler_static_works=yes
lt_cv_prog_gnu_ld=yes
lt_cv_sharedlib_from_linklib_cmd='printf %s\n'
lt_cv_shlibpath_overrides_runpath=no
lt_cv_sys_global_symbol_pipe='sed -n -e '\''s/^.*[	 ]\([ABCDGIRSTW][ABCDGIRSTW]*\)[	 ][	 ]*\([_A-Za-z][_A-Za-z0-9]*\)$/\1 \2 \2/p'\'' | sed '\''/ __gnu_lto/d'\'''
lt_cv_sys_global_symbol_to_c_name_address='sed -n -e '\''s/^: \([^ ]*\)[ ]*$/  {\"\1\", (void *) 0},/p'\'' -e '\''s/^[ABCDGIRSTW]* \([^ ]*\) \([^ ]*\)$/  {"\2", (void *) \&\2},/p'\'''
lt_cv_sys_global_symbol_to_c_name_address_lib_prefix='sed -n -e '\''s/^: \([^ ]*\)[ ]*$/  {\"\1\", (void *) 0},/p'\'' -e '\''s/^[ABCDGIRSTW]* \([^ ]*\) \(lib[^ ]*\)$/  {"\2", (void *) \&\2},/p'\'' -e '\''s/^[ABCDGIRSTW]* \([^ ]*\) \([^ ]*\)$/  {"lib\2", (void *) \&\2},/p'\'''
lt_cv_sys_global_symbol_to_cdecl='sed -n -e '\''s/^T .* \(.*\)$/extern int \1();/p'\'' -e '\''s/^[ABCDGIRSTW]* .* \(.*\)$/extern char \1;/p'\'''
lt_cv_sys_max_cmd_len=1572864
lt_cv_to_host_file_cmd=func_convert_file_noop
lt_cv_to_tool_file_cmd=func_convert_file_noop

## ----------------- ##
## Output variables. ##
## ----------------- ##

ACLOCAL='${SHELL} /saltstack/vtpm_mysql/libtpms/missing aclocal-1.14'
AMDEPBACKSLASH='\'
AMDEP_FALSE='#'
AMDEP_TRUE=''
AMTAR='$${TAR-tar}'
AM_BACKSLASH='\'
AM_DEFAULT_V='$(AM_DEFAULT_VERBOSITY)'
AM_DEFAULT_VERBOSITY='1'
AM_V='$(V)'
AR='ar'
AUTOCONF='${SHELL} /saltstack/vtpm_mysql/libtpms/missing autoconf'
AUTOHEADER='${SHELL} /saltstack/vtpm_mysql/libtpms/missing autoheader'
AUTOMAKE='${SHELL} /saltstack/vtpm_mysql/libtpms/missing automake-1.14'
AWK='gawk'
CC='gcc'
CCDEPMODE='depmode=gcc3'
CFLAGS='-g -O2 -Wall -Werror -Wreturn-type -Wsign-compare'
CPP='gcc -E'
CPPFLAGS=''
CYGPATH_W='echo'
DEBUG_DEFINES=''
DEFS='-DHAVE_CONFIG_H'
DEPDIR='.deps'
DLLTOOL='false'
DSYMUTIL=''
DUMPBIN=''
ECHO_C=''
ECHO_N='-n'
ECHO_T=''
EGREP='/bin/grep -E'
EXEEXT=''
FGREP='/bin/grep -F'
GREP='/bin/grep'
HARDENING_CFLAGS='-fstack-protector -Wl,-z,relro -Wl,-z,now '
INSTALL_DATA='${INSTALL} -m 644'
INSTALL_PROGRAM='${INSTALL}'
INSTALL_SCRIPT='${INSTALL}'
INSTALL_STRIP_PROGRAM='$(install_sh) -c -s'
LD='/usr/bin/ld -m elf_x86_64'
LDFLAGS=''
LIBOBJS=''
LIBS='-lcrypto '
LIBTOOL='$(SHELL) $(top_builddir)/libtool'
LIBTPMS_USE_FREEBL_FALSE=''
LIBTPMS_USE_FREEBL_TRUE='#'
LIBTPMS_USE_OPENSSL_FALSE='#'
LIBTPMS_USE_OPENSSL_TRUE=''
LIBTPMS_VERSION='0.6.0'
LIBTPMS_VERSION_INFO='6:0:6'
LIBTPMS_VER_MAJOR='0'
LIBTPMS_VER_MICRO='0'
LIBTPMS_VER_MINOR='6'
LIPO=''
LN_S='ln -s'
LTLIBOBJS=''
MAKEINFO='${SHELL} /saltstack/vtpm_mysql/libtpms/missing makeinfo'
MANIFEST_TOOL=':'
MKDIR_P='/bin/mkdir -p'
NM='/usr/bin/nm -B'
NMEDIT=''
OBJDUMP='objdump'
OBJEXT='o'
OTOOL64=''
OTOOL=''
PACKAGE='libtpms'
PACKAGE_BUGREPORT=''
PACKAGE_NAME='libtpms'
PACKAGE_STRING='libtpms 0.6.0'
PACKAGE_TARNAME='libtpms'
PACKAGE_URL=''
PACKAGE_VERSION='0.6.0'
PATH_SEPARATOR=':'
RANLIB='ranlib'
SED='/bin/sed'
SET_MAKE=''
SHELL='/bin/bash'
STRIP='strip'
VERSION='0.6.0'
ac_ct_AR='ar'
ac_ct_CC='gcc'
ac_ct_DUMPBIN=''
am__EXEEXT_FALSE=''
am__EXEEXT_TRUE='#'
am__fastdepCC_FALSE='#'
am__fastdepCC_TRUE=''
am__include='include'
am__isrc=''
am__leading_dot='.'
am__nodep='_no'
am__quote=''
am__tar='$${TAR-tar} chof - "$$tardir"'
am__untar='$${TAR-tar} xf -'
bindir='${exec_prefix}/bin'
build='x86_64-unknown-linux-gnu'
build_alias=''
build_cpu='x86_64'
build_os='linux-gnu'
build_vendor='unknown'
datadir='${datarootdir}'
datarootdir='${prefix}/share'
docdir='${datarootdir}/doc/${PACKAGE_TARNAME}'
dvidir='${docdir}'
exec_prefix='${prefix}'
host='x86_64-unknown-linux-gnu'
host_alias=''
host_cpu='x86_64'
host_os='linux-gnu'
host_vendor='unknown'
htmldir='${docdir}'
includedir='${prefix}/include'
infodir='${datarootdir}/info'
install_sh='${SHELL} /saltstack/vtpm_mysql/libtpms/install-sh'
libdir='${exec_prefix}/lib'
libexecdir='${exec_prefix}/libexec'
localedir='${datarootdir}/locale'
localstatedir='${prefix}/var'
mandir='${datarootdir}/man'
mkdir_p='$(MKDIR_P)'
oldincludedir='/usr/include'
pdfdir='${docdir}'
prefix='/usr'
program_transform_name='s,x,x,'
psdir='${docdir}'
sbindir='${exec_prefix}/sbin'
sharedstatedir='${prefix}/com'
sysconfdir='${prefix}/etc'
target='x86_64-unknown-linux-gnu'
target_alias=''
target_cpu='x86_64'
target_os='linux-gnu'
target_vendor='unknown'

## ----------- ##
## confdefs.h. ##
## ----------- ##

/* confdefs.h */
#define PACKAGE_NAME "libtpms"
#define PACKAGE_TARNAME "libtpms"
#define PACKAGE_VERSION "0.6.0"
#define PACKAGE_STRING "libtpms 0.6.0"
#define PACKAGE_BUGREPORT ""
#define PACKAGE_URL ""
#define PACKAGE "libtpms"
#define VERSION "0.6.0"
#define STDC_HEADERS 1
#define HAVE_SYS_TYPES_H 1
#define HAVE_SYS_STAT_H 1
#define HAVE_STDLIB_H 1
#define HAVE_STRING_H 1
#define HAVE_MEMORY_H 1
#define HAVE_STRINGS_H 1
#define HAVE_INTTYPES_H 1
#define HAVE_STDINT_H 1
#define HAVE_UNISTD_H 1
#define HAVE_LIBCRYPTO 1
#define HAVE_OPENSSL_AES_H 1
#define USE_OPENSSL_CRYPTO_LIBRARY 1
#define HAVE_DLFCN_H 1
#define LT_OBJDIR ".libs/"
#define STDC_HEADERS 1

configure: exit 0

## ---------------------- ##
## Running config.status. ##
## ---------------------- ##

This file was extended by libtpms config.status 0.6.0, which was
generated by GNU Autoconf 2.69.  Invocation command line was

  CONFIG_FILES    = 
  CONFIG_HEADERS  = 
  CONFIG_LINKS    = 
  CONFIG_COMMANDS = 
  $ ./config.status config.h

on localhost

config.status:1108: creating config.h
config.status:1289: config.h is unchanged
